[2021-11-25 17:35:34] merlin-logger.DEBUG: The welcome step has been displayed [] []
[2021-11-25 17:35:57] merlin-logger.DEBUG: The welcome step has been displayed [] []
[2021-11-25 17:36:01] merlin-logger.DEBUG: The child theme installation step has been displayed [] []
[2021-11-25 17:36:03] merlin-logger.DEBUG: The child theme style.css content was generated [] []
[2021-11-25 17:36:03] merlin-logger.DEBUG: The child theme functions.php content was generated [] []
[2021-11-25 17:36:03] merlin-logger.DEBUG: The child theme screenshot was copied to the child theme, with the following result {"copied":true} []
[2021-11-25 17:36:03] merlin-logger.DEBUG: The newly generated child theme was activated [] []
[2021-11-25 17:36:08] merlin-logger.DEBUG: The content import step has been displayed [] []
[2021-11-25 17:36:16] merlin-logger.DEBUG: The plugin installation step has been displayed [] []
[2021-11-25 17:36:31] merlin-logger.DEBUG: A plugin with the following data will be processed {"plugin_slug":"buddyboss-platform","message":"Installing"} []
[2021-11-25 17:36:34] merlin-logger.DEBUG: A plugin with the following data will be processed {"plugin_slug":"buddyboss-platform","message":"Activating"} []
[2021-11-25 17:36:35] merlin-logger.DEBUG: A plugin with the following data was processed {"plugin_slug":"buddyboss-platform"} []
[2021-11-25 17:36:36] merlin-logger.DEBUG: A plugin with the following data was processed {"plugin_slug":"buddyboss-platform"} []
[2021-11-25 17:36:36] merlin-logger.DEBUG: A plugin with the following data will be processed {"plugin_slug":"classic-widgets","message":"Installing"} []
[2021-11-25 17:36:38] merlin-logger.DEBUG: A plugin with the following data will be processed {"plugin_slug":"classic-widgets","message":"Activating"} []
[2021-11-25 17:36:38] merlin-logger.DEBUG: A plugin with the following data was processed {"plugin_slug":"classic-widgets"} []
[2021-11-25 17:36:43] merlin-logger.DEBUG: The content import step has been displayed [] []
[2021-11-25 17:36:45] merlin-logger.ERROR: An error occurred while fetching file from: <strong>https://applicationdomain.tld/wp-content/plugins/buddyx-demo-importer//demos/buddyx/demo-content.xml</strong>!<br>Reason: http_request_failed - cURL error 60: SSL certificate problem: unable to get local issuer certificate. {"url":"https://applicationdomain.tld/wp-content/plugins/buddyx-demo-importer//demos/buddyx/demo-content.xml","filename":"content-2021-11-25__17-36-45.xml"} []
[2021-11-25 17:36:45] merlin-logger.ERROR: An error occurred while fetching file from: <strong>https://applicationdomain.tld/wp-content/plugins/buddyx-demo-importer//demos/buddyx/demo-bb-page-content.xml</strong>!<br>Reason: http_request_failed - cURL error 60: SSL certificate problem: unable to get local issuer certificate. {"url":"https://applicationdomain.tld/wp-content/plugins/buddyx-demo-importer//demos/buddyx/demo-bb-page-content.xml","filename":"content-page-2021-11-25__17-36-45.xml"} []
[2021-11-25 17:36:45] merlin-logger.ERROR: An error occurred while fetching file from: <strong>https://applicationdomain.tld/wp-content/plugins/buddyx-demo-importer//demos/buddyx/demo-content.xml</strong>!<br>Reason: http_request_failed - cURL error 60: SSL certificate problem: unable to get local issuer certificate. {"url":"https://applicationdomain.tld/wp-content/plugins/buddyx-demo-importer//demos/buddyx/demo-content.xml","filename":"content-2021-11-25__17-36-45.xml"} []
[2021-11-25 17:36:45] merlin-logger.ERROR: An error occurred while fetching file from: <strong>https://applicationdomain.tld/wp-content/plugins/buddyx-demo-importer//demos/buddyx/demo-products-content.xml</strong>!<br>Reason: http_request_failed - cURL error 60: SSL certificate problem: unable to get local issuer certificate. {"url":"https://applicationdomain.tld/wp-content/plugins/buddyx-demo-importer//demos/buddyx/demo-products-content.xml","filename":"content-products-2021-11-25__17-36-45.xml"} []
[2021-11-25 17:36:45] merlin-logger.ERROR: An error occurred while fetching file from: <strong>https://applicationdomain.tld/wp-content/plugins/buddyx-demo-importer//demos/buddyx/demo-bb-page-content.xml</strong>!<br>Reason: http_request_failed - cURL error 60: SSL certificate problem: unable to get local issuer certificate. {"url":"https://applicationdomain.tld/wp-content/plugins/buddyx-demo-importer//demos/buddyx/demo-bb-page-content.xml","filename":"content-page-2021-11-25__17-36-45.xml"} []
[2021-11-25 17:36:45] merlin-logger.ERROR: An error occurred while fetching file from: <strong>https://applicationdomain.tld/wp-content/plugins/buddyx-demo-importer//demos/buddyx/widgets.json</strong>!<br>Reason: http_request_failed - cURL error 60: SSL certificate problem: unable to get local issuer certificate. {"url":"https://applicationdomain.tld/wp-content/plugins/buddyx-demo-importer//demos/buddyx/widgets.json","filename":"widgets-2021-11-25__17-36-45.json"} []
[2021-11-25 17:36:45] merlin-logger.ERROR: An error occurred while fetching file from: <strong>https://applicationdomain.tld/wp-content/plugins/buddyx-demo-importer//demos/buddyx/demo-products-content.xml</strong>!<br>Reason: http_request_failed - cURL error 60: SSL certificate problem: unable to get local issuer certificate. {"url":"https://applicationdomain.tld/wp-content/plugins/buddyx-demo-importer//demos/buddyx/demo-products-content.xml","filename":"content-products-2021-11-25__17-36-45.xml"} []
[2021-11-25 17:36:45] merlin-logger.ERROR: An error occurred while fetching file from: <strong>https://applicationdomain.tld/wp-content/plugins/buddyx-demo-importer//demos/buddyx/customizer.dat</strong>!<br>Reason: http_request_failed - cURL error 60: SSL certificate problem: unable to get local issuer certificate. {"url":"https://applicationdomain.tld/wp-content/plugins/buddyx-demo-importer//demos/buddyx/customizer.dat","filename":"options-2021-11-25__17-36-45.dat"} []
[2021-11-25 17:36:45] merlin-logger.ERROR: An error occurred while fetching file from: <strong>https://applicationdomain.tld/wp-content/plugins/buddyx-demo-importer//demos/buddyx/widgets.json</strong>!<br>Reason: http_request_failed - cURL error 60: SSL certificate problem: unable to get local issuer certificate. {"url":"https://applicationdomain.tld/wp-content/plugins/buddyx-demo-importer//demos/buddyx/widgets.json","filename":"widgets-2021-11-25__17-36-45.json"} []
[2021-11-25 17:36:45] merlin-logger.ERROR: An error occurred while fetching file from: <strong>https://applicationdomain.tld/wp-content/plugins/buddyx-demo-importer//demos/buddyx/customizer.dat</strong>!<br>Reason: http_request_failed - cURL error 60: SSL certificate problem: unable to get local issuer certificate. {"url":"https://applicationdomain.tld/wp-content/plugins/buddyx-demo-importer//demos/buddyx/customizer.dat","filename":"options-2021-11-25__17-36-45.dat"} []
[2021-11-25 17:37:12] merlin-logger.DEBUG: The final step has been displayed [] []
